<?xml version="1.0" encoding="UTF-8"?>
<!-- Generated by org.testng.reporters.JUnitReportReporter -->
<testsuite hostname="Debalina" name="Project1.home" tests="1" failures="0" timestamp="14 May 2019 19:12:06 GMT" time="16.865" errors="0">
  <testcase name="testOne" time="16.865" classname="Project1.home"/>
</testsuite> <!-- Project1.home -->
