<?xml version="1.0" encoding="UTF-8"?>
<!-- Generated by org.testng.reporters.JUnitReportReporter -->
<testsuite hostname="Debalina" name="Project2.TestCase5" tests="4" failures="0" timestamp="26 May 2019 19:35:04 GMT" time="107.066" errors="0">
  <testcase name="testCase05" time="20.315" classname="Project2.TestCase5"/>
  <testcase name="testCase05" time="28.544" classname="Project2.TestCase5"/>
  <testcase name="testCase05" time="28.263" classname="Project2.TestCase5"/>
  <testcase name="testCase05" time="29.944" classname="Project2.TestCase5"/>
</testsuite> <!-- Project2.TestCase5 -->
