<?xml version="1.0" encoding="UTF-8"?>
<!-- Generated by org.testng.reporters.JUnitReportReporter -->
<testsuite hostname="Debalina" name="Project2.TestScript05" tests="4" failures="0" timestamp="26 May 2019 08:25:41 GMT" time="307.168" errors="0">
  <testcase name="testCase05" time="116.245" classname="Project2.TestScript05"/>
  <testcase name="testCase05" time="65.894" classname="Project2.TestScript05"/>
  <testcase name="testCase05" time="71.197" classname="Project2.TestScript05"/>
  <testcase name="testCase05" time="53.832" classname="Project2.TestScript05"/>
</testsuite> <!-- Project2.TestScript05 -->
