<?xml version="1.0" encoding="UTF-8"?>
<!-- Generated by org.testng.reporters.JUnitReportReporter -->
<testsuite hostname="Debalina" name="Project2.Testcase1" tests="1" failures="0" timestamp="25 May 2019 11:04:33 GMT" time="21.634" errors="0">
  <testcase name="loginVerified" time="21.634" classname="Project2.Testcase1"/>
</testsuite> <!-- Project2.Testcase1 -->
