<?xml version="1.0" encoding="UTF-8"?>
<!-- Generated by org.testng.reporters.JUnitReportReporter -->
<testsuite hostname="Debalina" name="Project2.Testcase3" tests="4" failures="0" timestamp="25 May 2019 11:42:59 GMT" time="69.249" errors="0">
  <testcase name="loginInvalidLoginAndInvalidPassword" time="15.078" classname="Project2.Testcase3"/>
  <testcase name="loginInvalidLoginAndValidPassword" time="16.839" classname="Project2.Testcase3"/>
  <testcase name="loginVerified" time="19.126" classname="Project2.Testcase3"/>
  <testcase name="loginValidLoginAndInvalidPassword" time="18.206" classname="Project2.Testcase3"/>
</testsuite> <!-- Project2.Testcase3 -->
