<?xml version="1.0" encoding="UTF-8"?>
<!-- Generated by org.testng.reporters.JUnitReportReporter -->
<testsuite hostname="Debalina" name="Project2.Testcase2" tests="1" failures="0" timestamp="25 May 2019 11:02:40 GMT" time="24.076" errors="0">
  <testcase name="loginVerified" time="24.076" classname="Project2.Testcase2"/>
</testsuite> <!-- Project2.Testcase2 -->
