<?xml version="1.0" encoding="UTF-8"?>
<!-- Generated by org.testng.reporters.JUnitReportReporter -->
<testsuite hostname="Debalina" name="Project1.errorVerification" tests="1" failures="0" timestamp="14 May 2019 20:37:50 GMT" time="7.224" errors="0">
  <testcase name="testThird" time="7.224" classname="Project1.errorVerification"/>
</testsuite> <!-- Project1.errorVerification -->
