<?xml version="1.0" encoding="UTF-8"?>
<!-- Generated by org.testng.reporters.JUnitReportReporter -->
<testsuite hostname="Debalina" name="Project1.verifyDiscountCoupon" tests="1" failures="0" timestamp="19 May 2019 18:01:46 GMT" time="8.007" errors="0">
  <testcase name="testNinth" time="8.007" classname="Project1.verifyDiscountCoupon"/>
</testsuite> <!-- Project1.verifyDiscountCoupon -->
