<?xml version="1.0" encoding="UTF-8"?>
<!-- Generated by org.testng.reporters.JUnitReportReporter -->
<testsuite hostname="Debalina" name="Project1.verifyChangeReorderproduct" tests="1" failures="0" timestamp="23 May 2019 04:30:25 GMT" time="56.863" errors="0">
  <testcase name="testEight" time="56.863" classname="Project1.verifyChangeReorderproduct"/>
</testsuite> <!-- Project1.verifyChangeReorderproduct -->
