<?xml version="1.0" encoding="UTF-8"?>
<!-- Generated by org.testng.reporters.JUnitReportReporter -->
<testsuite hostname="Debalina" name="Project1.VerifyCost" tests="1" failures="0" timestamp="14 May 2019 18:51:53 GMT" time="5.343" errors="0">
  <testcase name="testSecond" time="5.343" classname="Project1.VerifyCost"/>
</testsuite> <!-- Project1.VerifyCost -->
