<?xml version="1.0" encoding="UTF-8"?>
<!-- Generated by org.testng.reporters.JUnitReportReporter -->
<testsuite hostname="Debalina" name="Project1.VerifyUserPurchase" tests="1" failures="0" timestamp="23 May 2019 04:32:11 GMT" time="43.026" errors="0">
  <testcase name="testSixth" time="43.026" classname="Project1.VerifyUserPurchase"/>
</testsuite> <!-- Project1.VerifyUserPurchase -->
