<?xml version="1.0" encoding="UTF-8"?>
<!-- Generated by org.testng.reporters.JUnitReportReporter -->
<testsuite hostname="Debalina" name="Project1.Demo$TestCase7a" tests="1" failures="0" timestamp="19 May 2019 15:48:35 GMT" time="16.257" errors="0">
  <testcase name="testTestCase7a" time="16.257" classname="Project1.Demo$TestCase7a"/>
</testsuite> <!-- Project1.Demo$TestCase7a -->
