<?xml version="1.0" encoding="UTF-8"?>
<!-- Generated by org.testng.reporters.JUnitReportReporter -->
<testsuite hostname="Debalina" name="Project1.accountCreation" tests="1" failures="0" timestamp="15 May 2019 18:03:49 GMT" time="20.819" errors="0">
  <testcase name="testFifth" time="20.819" classname="Project1.accountCreation"/>
</testsuite> <!-- Project1.accountCreation -->
