<?xml version="1.0" encoding="UTF-8"?>
<!-- Generated by org.testng.reporters.JUnitReportReporter -->
<testsuite hostname="Debalina" name="Project1.compareTwoProduct" tests="1" failures="0" timestamp="15 May 2019 03:24:57 GMT" time="6.849" errors="0">
  <testcase name="testFourth" time="6.849" classname="Project1.compareTwoProduct"/>
</testsuite> <!-- Project1.compareTwoProduct -->
