<?xml version="1.0" encoding="UTF-8"?>
<!-- Generated by org.testng.reporters.JUnitReportReporter -->
<testsuite hostname="Debalina" name="Project2.DataProviderfromExcel" tests="17" failures="0" timestamp="26 May 2019 17:10:01 GMT" time="0.042" errors="0">
  <testcase name="addToCart" time="0.001" classname="Project2.DataProviderfromExcel"/>
  <testcase name="addToCart" time="0.001" classname="Project2.DataProviderfromExcel"/>
  <testcase name="addToCart" time="0.001" classname="Project2.DataProviderfromExcel"/>
  <testcase name="addToCart" time="0.001" classname="Project2.DataProviderfromExcel"/>
  <testcase name="addToCart" time="0.001" classname="Project2.DataProviderfromExcel"/>
  <testcase name="addToCart" time="0.001" classname="Project2.DataProviderfromExcel"/>
  <testcase name="addToCart" time="0.001" classname="Project2.DataProviderfromExcel"/>
  <testcase name="addToCart" time="0.001" classname="Project2.DataProviderfromExcel"/>
  <testcase name="addToCart" time="0.001" classname="Project2.DataProviderfromExcel"/>
  <testcase name="addToCart" time="0.026" classname="Project2.DataProviderfromExcel"/>
  <testcase name="addToCart" time="0.001" classname="Project2.DataProviderfromExcel"/>
  <testcase name="addToCart" time="0.001" classname="Project2.DataProviderfromExcel"/>
  <testcase name="addToCart" time="0.001" classname="Project2.DataProviderfromExcel"/>
  <testcase name="addToCart" time="0.000" classname="Project2.DataProviderfromExcel"/>
  <testcase name="addToCart" time="0.001" classname="Project2.DataProviderfromExcel"/>
  <testcase name="addToCart" time="0.002" classname="Project2.DataProviderfromExcel"/>
  <testcase name="addToCart" time="0.001" classname="Project2.DataProviderfromExcel"/>
</testsuite> <!-- Project2.DataProviderfromExcel -->
