<?xml version="1.0" encoding="UTF-8"?>
<!-- Generated by org.testng.reporters.JUnitReportReporter -->
<testsuite hostname="Debalina" name="Project2.Demo" tests="1" failures="0" timestamp="26 May 2019 08:19:12 GMT" time="123.942" errors="0">
  <testcase name="testCase05" time="123.942" classname="Project2.Demo"/>
</testsuite> <!-- Project2.Demo -->
