<?xml version="1.0" encoding="UTF-8"?>
<!-- Generated by org.testng.reporters.JUnitReportReporter -->
<testsuite hostname="Debalina" name="Project1.Demo$TestCase9" tests="1" failures="0" timestamp="19 May 2019 18:27:19 GMT" time="13.693" errors="0">
  <testcase name="testTestCase9" time="13.693" classname="Project1.Demo$TestCase9"/>
</testsuite> <!-- Project1.Demo$TestCase9 -->
