<?xml version="1.0" encoding="UTF-8"?>
<!-- Generated by org.testng.reporters.JUnitReportReporter -->
<testsuite hostname="Debalina" name="com.actitime.ReportDataTest.ReportDataTest" tests="1" failures="0" timestamp="3 May 2019 07:45:56 GMT" time="4.570" errors="0">
  <testcase name="createReportTest" time="4.570" classname="com.actitime.ReportDataTest.ReportDataTest"/>
</testsuite> <!-- com.actitime.ReportDataTest.ReportDataTest -->
