<?xml version="1.0" encoding="UTF-8"?>
<!-- Generated by org.testng.reporters.JUnitReportReporter -->
<testsuite hostname="Debalina" name="Annotation.CustomerDataLowlevelReporterTest" tests="3" failures="0" timestamp="2 May 2019 06:46:22 GMT" time="0.031" errors="0">
  <testcase name="createCustomerTest" time="0.016" classname="Annotation.CustomerDataLowlevelReporterTest"/>
  <testcase name="deleteCustomerTest" time="0.015" classname="Annotation.CustomerDataLowlevelReporterTest"/>
  <testcase name="modifyCustomerTest" time="0.000" classname="Annotation.CustomerDataLowlevelReporterTest"/>
</testsuite> <!-- Annotation.CustomerDataLowlevelReporterTest -->
