<?xml version="1.0" encoding="UTF-8"?>
<!-- Generated by org.testng.reporters.JUnitReportReporter -->
<testsuite hostname="Debalina" name="Annotation.CustomerPriorityTest" tests="3" failures="0" timestamp="2 May 2019 06:14:11 GMT" time="0.027" errors="0">
  <testcase name="createCustomerTest" time="0.024" classname="Annotation.CustomerPriorityTest"/>
  <testcase name="modifyCustomerTest" time="0.002" classname="Annotation.CustomerPriorityTest"/>
  <testcase name="deleteCustomerTest" time="0.001" classname="Annotation.CustomerPriorityTest"/>
</testsuite> <!-- Annotation.CustomerPriorityTest -->
