<?xml version="1.0" encoding="UTF-8"?>
<!-- Generated by org.testng.reporters.JUnitReportReporter -->
<testsuite hostname="Debalina" name="com.actitime.customerDataTest.CustomerDataTest" tests="1" failures="0" timestamp="3 May 2019 07:49:15 GMT" time="2.684" errors="0">
  <testcase name="createCustomerTest" time="2.684" classname="com.actitime.customerDataTest.CustomerDataTest"/>
</testsuite> <!-- com.actitime.customerDataTest.CustomerDataTest -->
