<?xml version="1.0" encoding="UTF-8"?>
<!-- Generated by org.testng.reporters.JUnitReportReporter -->
<testsuite hostname="Debalina" name="Annotation.CutomerEnablityTest" tests="2" failures="0" timestamp="2 May 2019 06:16:21 GMT" time="0.029" errors="0">
  <testcase name="createCustomerTest" time="0.028" classname="Annotation.CutomerEnablityTest"/>
  <testcase name="modifyCustomerTest" time="0.001" classname="Annotation.CutomerEnablityTest"/>
</testsuite> <!-- Annotation.CutomerEnablityTest -->
