<?xml version="1.0" encoding="UTF-8"?>
<!-- Generated by org.testng.reporters.JUnitReportReporter -->
<testsuite hostname="Debalina" name="Annotation.CustomerDependsOn" tests="3" failures="0" timestamp="2 May 2019 06:40:28 GMT" time="0.029" errors="0">
  <testcase name="Test3" time="0.001" classname="Annotation.CustomerDependsOn"/>
  <testcase name="Test2" time="0.001" classname="Annotation.CustomerDependsOn"/>
  <testcase name="Test1" time="0.027" classname="Annotation.CustomerDependsOn"/>
</testsuite> <!-- Annotation.CustomerDependsOn -->
