<?xml version="1.0" encoding="UTF-8"?>
<!-- Generated by org.testng.reporters.JUnitReportReporter -->
<testsuite hostname="Debalina" name="Annotation.CustomerMultipleMethodExecutionTest" tests="7" failures="0" timestamp="2 May 2019 06:19:13 GMT" time="0.033" errors="0">
  <testcase name="modifyCustomerTest" time="0.001" classname="Annotation.CustomerMultipleMethodExecutionTest"/>
  <testcase name="modifyCustomerTest" time="0.001" classname="Annotation.CustomerMultipleMethodExecutionTest"/>
  <testcase name="modifyCustomerTest" time="0.001" classname="Annotation.CustomerMultipleMethodExecutionTest"/>
  <testcase name="createCustomerTest" time="0.026" classname="Annotation.CustomerMultipleMethodExecutionTest"/>
  <testcase name="modifyCustomerTest" time="0.002" classname="Annotation.CustomerMultipleMethodExecutionTest"/>
  <testcase name="modifyCustomerTest" time="0.001" classname="Annotation.CustomerMultipleMethodExecutionTest"/>
  <testcase name="modifyCustomerTest" time="0.001" classname="Annotation.CustomerMultipleMethodExecutionTest"/>
</testsuite> <!-- Annotation.CustomerMultipleMethodExecutionTest -->
