<?xml version="1.0" encoding="UTF-8"?>
<!-- Generated by org.testng.reporters.JUnitReportReporter -->
<testsuite hostname="Debalina" name="com.acttime.POMTest" tests="2" failures="0" timestamp="10 May 2019 20:54:33 GMT" time="13.579" errors="0">
  <testcase name="loginWithoutPasswordTest" time="5.274" classname="com.acttime.POMTest"/>
  <testcase name="loginTest" time="8.305" classname="com.acttime.POMTest"/>
</testsuite> <!-- com.acttime.POMTest -->
