<?xml version="1.0" encoding="UTF-8"?>
<!-- Generated by org.testng.reporters.JUnitReportReporter -->
<testsuite hostname="Debalina" name="Assignment.DataProviderfromExcel" tests="99" failures="0" timestamp="26 May 2019 17:07:41 GMT" time="0.123" errors="0">
  <testcase name="addToCart" time="0.001" classname="Assignment.DataProviderfromExcel"/>
  <testcase name="addToCart" time="0.000" classname="Assignment.DataProviderfromExcel"/>
  <testcase name="addToCart" time="0.000" classname="Assignment.DataProviderfromExcel"/>
  <testcase name="addToCart" time="0.001" classname="Assignment.DataProviderfromExcel"/>
  <testcase name="addToCart" time="0.001" classname="Assignment.DataProviderfromExcel"/>
  <testcase name="addToCart" time="0.000" classname="Assignment.DataProviderfromExcel"/>
  <testcase name="addToCart" time="0.017" classname="Assignment.DataProviderfromExcel"/>
  <testcase name="addToCart" time="0.001" classname="Assignment.DataProviderfromExcel"/>
  <testcase name="addToCart" time="0.000" classname="Assignment.DataProviderfromExcel"/>
  <testcase name="addToCart" time="0.000" classname="Assignment.DataProviderfromExcel"/>
  <testcase name="addToCart" time="0.002" classname="Assignment.DataProviderfromExcel"/>
  <testcase name="addToCart" time="0.000" classname="Assignment.DataProviderfromExcel"/>
  <testcase name="addToCart" time="0.000" classname="Assignment.DataProviderfromExcel"/>
  <testcase name="addToCart" time="0.000" classname="Assignment.DataProviderfromExcel"/>
  <testcase name="addToCart" time="0.001" classname="Assignment.DataProviderfromExcel"/>
  <testcase name="addToCart" time="0.000" classname="Assignment.DataProviderfromExcel"/>
  <testcase name="addToCart" time="0.000" classname="Assignment.DataProviderfromExcel"/>
  <testcase name="addToCart" time="0.001" classname="Assignment.DataProviderfromExcel"/>
  <testcase name="addToCart" time="0.000" classname="Assignment.DataProviderfromExcel"/>
  <testcase name="addToCart" time="0.000" classname="Assignment.DataProviderfromExcel"/>
  <testcase name="addToCart" time="0.000" classname="Assignment.DataProviderfromExcel"/>
  <testcase name="addToCart" time="0.001" classname="Assignment.DataProviderfromExcel"/>
  <testcase name="addToCart" time="0.000" classname="Assignment.DataProviderfromExcel"/>
  <testcase name="addToCart" time="0.001" classname="Assignment.DataProviderfromExcel"/>
  <testcase name="addToCart" time="0.001" classname="Assignment.DataProviderfromExcel"/>
  <testcase name="addToCart" time="0.001" classname="Assignment.DataProviderfromExcel"/>
  <testcase name="addToCart" time="0.001" classname="Assignment.DataProviderfromExcel"/>
  <testcase name="addToCart" time="0.000" classname="Assignment.DataProviderfromExcel"/>
  <testcase name="addToCart" time="0.001" classname="Assignment.DataProviderfromExcel"/>
  <testcase name="addToCart" time="0.001" classname="Assignment.DataProviderfromExcel"/>
  <testcase name="addToCart" time="0.000" classname="Assignment.DataProviderfromExcel"/>
  <testcase name="addToCart" time="0.033" classname="Assignment.DataProviderfromExcel"/>
  <testcase name="addToCart" time="0.001" classname="Assignment.DataProviderfromExcel"/>
  <testcase name="addToCart" time="0.001" classname="Assignment.DataProviderfromExcel"/>
  <testcase name="addToCart" time="0.001" classname="Assignment.DataProviderfromExcel"/>
  <testcase name="addToCart" time="0.000" classname="Assignment.DataProviderfromExcel"/>
  <testcase name="addToCart" time="0.000" classname="Assignment.DataProviderfromExcel"/>
  <testcase name="addToCart" time="0.000" classname="Assignment.DataProviderfromExcel"/>
  <testcase name="addToCart" time="0.001" classname="Assignment.DataProviderfromExcel"/>
  <testcase name="addToCart" time="0.001" classname="Assignment.DataProviderfromExcel"/>
  <testcase name="addToCart" time="0.001" classname="Assignment.DataProviderfromExcel"/>
  <testcase name="addToCart" time="0.001" classname="Assignment.DataProviderfromExcel"/>
  <testcase name="addToCart" time="0.001" classname="Assignment.DataProviderfromExcel"/>
  <testcase name="addToCart" time="0.001" classname="Assignment.DataProviderfromExcel"/>
  <testcase name="addToCart" time="0.001" classname="Assignment.DataProviderfromExcel"/>
  <testcase name="addToCart" time="0.001" classname="Assignment.DataProviderfromExcel"/>
  <testcase name="addToCart" time="0.000" classname="Assignment.DataProviderfromExcel"/>
  <testcase name="addToCart" time="0.001" classname="Assignment.DataProviderfromExcel"/>
  <testcase name="addToCart" time="0.000" classname="Assignment.DataProviderfromExcel"/>
  <testcase name="addToCart" time="0.001" classname="Assignment.DataProviderfromExcel"/>
  <testcase name="addToCart" time="0.001" classname="Assignment.DataProviderfromExcel"/>
  <testcase name="addToCart" time="0.000" classname="Assignment.DataProviderfromExcel"/>
  <testcase name="addToCart" time="0.001" classname="Assignment.DataProviderfromExcel"/>
  <testcase name="addToCart" time="0.001" classname="Assignment.DataProviderfromExcel"/>
  <testcase name="addToCart" time="0.001" classname="Assignment.DataProviderfromExcel"/>
  <testcase name="addToCart" time="0.001" classname="Assignment.DataProviderfromExcel"/>
  <testcase name="addToCart" time="0.000" classname="Assignment.DataProviderfromExcel"/>
  <testcase name="addToCart" time="0.001" classname="Assignment.DataProviderfromExcel"/>
  <testcase name="addToCart" time="0.000" classname="Assignment.DataProviderfromExcel"/>
  <testcase name="addToCart" time="0.000" classname="Assignment.DataProviderfromExcel"/>
  <testcase name="addToCart" time="0.001" classname="Assignment.DataProviderfromExcel"/>
  <testcase name="addToCart" time="0.001" classname="Assignment.DataProviderfromExcel"/>
  <testcase name="addToCart" time="0.001" classname="Assignment.DataProviderfromExcel"/>
  <testcase name="addToCart" time="0.001" classname="Assignment.DataProviderfromExcel"/>
  <testcase name="addToCart" time="0.001" classname="Assignment.DataProviderfromExcel"/>
  <testcase name="addToCart" time="0.001" classname="Assignment.DataProviderfromExcel"/>
  <testcase name="addToCart" time="0.000" classname="Assignment.DataProviderfromExcel"/>
  <testcase name="addToCart" time="0.000" classname="Assignment.DataProviderfromExcel"/>
  <testcase name="addToCart" time="0.001" classname="Assignment.DataProviderfromExcel"/>
  <testcase name="addToCart" time="0.000" classname="Assignment.DataProviderfromExcel"/>
  <testcase name="addToCart" time="0.001" classname="Assignment.DataProviderfromExcel"/>
  <testcase name="addToCart" time="0.001" classname="Assignment.DataProviderfromExcel"/>
  <testcase name="addToCart" time="0.000" classname="Assignment.DataProviderfromExcel"/>
  <testcase name="addToCart" time="0.005" classname="Assignment.DataProviderfromExcel"/>
  <testcase name="addToCart" time="0.000" classname="Assignment.DataProviderfromExcel"/>
  <testcase name="addToCart" time="0.001" classname="Assignment.DataProviderfromExcel"/>
  <testcase name="addToCart" time="0.001" classname="Assignment.DataProviderfromExcel"/>
  <testcase name="addToCart" time="0.001" classname="Assignment.DataProviderfromExcel"/>
  <testcase name="addToCart" time="0.001" classname="Assignment.DataProviderfromExcel"/>
  <testcase name="addToCart" time="0.001" classname="Assignment.DataProviderfromExcel"/>
  <testcase name="addToCart" time="0.000" classname="Assignment.DataProviderfromExcel"/>
  <testcase name="addToCart" time="0.005" classname="Assignment.DataProviderfromExcel"/>
  <testcase name="addToCart" time="0.000" classname="Assignment.DataProviderfromExcel"/>
  <testcase name="addToCart" time="0.001" classname="Assignment.DataProviderfromExcel"/>
  <testcase name="addToCart" time="0.001" classname="Assignment.DataProviderfromExcel"/>
  <testcase name="addToCart" time="0.001" classname="Assignment.DataProviderfromExcel"/>
  <testcase name="addToCart" time="0.001" classname="Assignment.DataProviderfromExcel"/>
  <testcase name="addToCart" time="0.001" classname="Assignment.DataProviderfromExcel"/>
  <testcase name="addToCart" time="0.001" classname="Assignment.DataProviderfromExcel"/>
  <testcase name="addToCart" time="0.001" classname="Assignment.DataProviderfromExcel"/>
  <testcase name="addToCart" time="0.001" classname="Assignment.DataProviderfromExcel"/>
  <testcase name="addToCart" time="0.001" classname="Assignment.DataProviderfromExcel"/>
  <testcase name="addToCart" time="0.001" classname="Assignment.DataProviderfromExcel"/>
  <testcase name="addToCart" time="0.002" classname="Assignment.DataProviderfromExcel"/>
  <testcase name="addToCart" time="0.001" classname="Assignment.DataProviderfromExcel"/>
  <testcase name="addToCart" time="0.000" classname="Assignment.DataProviderfromExcel"/>
  <testcase name="addToCart" time="0.001" classname="Assignment.DataProviderfromExcel"/>
  <testcase name="addToCart" time="0.001" classname="Assignment.DataProviderfromExcel"/>
  <testcase name="addToCart" time="0.000" classname="Assignment.DataProviderfromExcel"/>
</testsuite> <!-- Assignment.DataProviderfromExcel -->
