<?xml version="1.0" encoding="UTF-8"?>
<!-- Generated by org.testng.reporters.JUnitReportReporter -->
<testsuite hostname="Debalina" name="com.acttime.customerTest" tests="1" failures="0" timestamp="13 May 2019 06:16:20 GMT" time="9.908" errors="0">
  <testcase name="createCustometTest" time="9.908" classname="com.acttime.customerTest"/>
</testsuite> <!-- com.acttime.customerTest -->
