<?xml version="1.0" encoding="UTF-8"?>
<!-- Generated by org.testng.reporters.JUnitReportReporter -->
<testsuite hostname="Debalina" name="com.actitime.UserDataTest.UserDataTest" tests="2" failures="0" timestamp="3 May 2019 07:46:56 GMT" time="14.569" errors="0">
  <testcase name="createUserTest" time="3.918" classname="com.actitime.UserDataTest.UserDataTest"/>
  <testcase name="createUserTest" time="10.651" classname="com.actitime.UserDataTest.UserDataTest"/>
</testsuite> <!-- com.actitime.UserDataTest.UserDataTest -->
