<?xml version="1.0" encoding="UTF-8"?>
<!-- Generated by org.testng.reporters.JUnitReportReporter -->
<testsuite hostname="Debalina" name="CustomerBeforeAfterMethodTest" tests="3" failures="0" timestamp="2 May 2019 07:06:32 GMT" time="0.031" errors="0">
  <testcase name="deleteCustomerTest" time="0.031" classname="CustomerBeforeAfterMethodTest"/>
  <testcase name="modifyCustomerTest" time="0.000" classname="CustomerBeforeAfterMethodTest"/>
  <testcase name="createCustomerTest" time="0.000" classname="CustomerBeforeAfterMethodTest"/>
</testsuite> <!-- CustomerBeforeAfterMethodTest -->
