<?xml version="1.0" encoding="UTF-8"?>
<!-- Generated by org.testng.reporters.JUnitReportReporter -->
<testsuite hostname="Debalina" name="Annotation.Customer_with_all_annotation_Test" tests="3" failures="0" timestamp="2 May 2019 07:14:19 GMT" time="0.016" errors="0">
  <testcase name="deleteCustomerTest" time="0.000" classname="Annotation.Customer_with_all_annotation_Test"/>
  <testcase name="modifyCustomerTest" time="0.000" classname="Annotation.Customer_with_all_annotation_Test"/>
  <testcase name="createCustomerTest" time="0.016" classname="Annotation.Customer_with_all_annotation_Test"/>
</testsuite> <!-- Annotation.Customer_with_all_annotation_Test -->
