<?xml version="1.0" encoding="UTF-8"?>
<!-- Generated by org.testng.reporters.JUnitReportReporter -->
<testsuite hostname="Debalina" name="Annotation.AnnotationTest" tests="2" failures="0" timestamp="2 May 2019 11:51:12 GMT" time="5.097" errors="0">
  <testcase name="customerModificationTest" time="2.139" classname="Annotation.AnnotationTest"/>
  <testcase name="customerCreationTest" time="2.958" classname="Annotation.AnnotationTest"/>
</testsuite> <!-- Annotation.AnnotationTest -->
