<?xml version="1.0" encoding="UTF-8"?>
<!-- Generated by org.testng.reporters.JUnitReportReporter -->
<testsuite hostname="Debalina" name="Annotation.CustomerTest" tests="3" failures="0" timestamp="2 May 2019 06:11:35 GMT" time="0.042" errors="0">
  <testcase name="createCustomerTest" time="0.038" classname="Annotation.CustomerTest"/>
  <testcase name="deleteCustomerTest" time="0.002" classname="Annotation.CustomerTest"/>
  <testcase name="modifyCustomerTest" time="0.002" classname="Annotation.CustomerTest"/>
</testsuite> <!-- Annotation.CustomerTest -->
