<?xml version="1.0" encoding="UTF-8"?>
<!-- Generated by org.testng.reporters.JUnitReportReporter -->
<testsuite hostname="Debalina" name="com.acttime.customertest.SendingMailByAnnotationTest" tests="1" failures="0" timestamp="29 Apr 2019 05:44:44 GMT" time="59.871" errors="0">
  <testcase name="mailSendTest" time="59.871" classname="com.acttime.customertest.SendingMailByAnnotationTest"/>
</testsuite> <!-- com.acttime.customertest.SendingMailByAnnotationTest -->
