<?xml version="1.0" encoding="UTF-8"?>
<!-- Generated by org.testng.reporters.JUnitReportReporter -->
<testsuite hostname="Debalina" name="example.hi" tests="1" failures="0" timestamp="13 May 2019 10:44:02 GMT" time="2.754" errors="0">
  <testcase name="test" time="2.754" classname="example.hi"/>
</testsuite> <!-- example.hi -->
