<?xml version="1.0" encoding="UTF-8"?>
<!-- Generated by org.testng.reporters.JUnitReportReporter -->
<testsuite hostname="Debalina" name="CustomerData.POMTest" tests="2" failures="0" timestamp="22 May 2019 04:47:41 GMT" time="28.824" errors="0">
  <testcase name="loginWithoutPasswordTest" time="10.436" classname="CustomerData.POMTest"/>
  <testcase name="loginTest" time="18.388" classname="CustomerData.POMTest"/>
</testsuite> <!-- CustomerData.POMTest -->
