<?xml version="1.0" encoding="UTF-8"?>
<!-- Generated by org.testng.reporters.JUnitReportReporter -->
<testsuite hostname="Debalina" name="CustomerData.CustomerTest" tests="1" failures="0" timestamp="30 May 2019 21:01:31 GMT" time="26.629" errors="0">
  <testcase name="testCaseOne" time="26.629" classname="CustomerData.CustomerTest"/>
</testsuite> <!-- CustomerData.CustomerTest -->
