<?xml version="1.0" encoding="UTF-8"?>
<!-- Generated by org.testng.reporters.JUnitReportReporter -->
<testsuite hostname="Debalina" name="CustomerData.testCaseOne" tests="1" failures="0" timestamp="31 May 2019 22:21:46 GMT" time="30.645" errors="0">
  <testcase name="testOne" time="30.645" classname="CustomerData.testCaseOne"/>
</testsuite> <!-- CustomerData.testCaseOne -->
