<?xml version="1.0" encoding="UTF-8"?>
<!-- Generated by org.testng.reporters.JUnitReportReporter -->
<testsuite hostname="Debalina" name="CustomerData.customerTest" tests="1" failures="0" timestamp="11 May 2019 10:47:37 GMT" time="12.347" errors="0">
  <testcase name="createCustometTest" time="12.347" classname="CustomerData.customerTest"/>
</testsuite> <!-- CustomerData.customerTest -->
