<?xml version="1.0" encoding="UTF-8"?>
<!-- Generated by org.testng.reporters.JUnitReportReporter -->
<testsuite hostname="Debalina" name="CustomerData.POMTest" tests="2" failures="0" timestamp="11 May 2019 10:45:19 GMT" time="25.342" errors="0">
  <testcase name="loginTest" time="16.423" classname="CustomerData.POMTest"/>
  <testcase name="loginWithoutPasswordTest" time="8.919" classname="CustomerData.POMTest"/>
</testsuite> <!-- CustomerData.POMTest -->
