<?xml version="1.0" encoding="UTF-8"?>
<!-- Generated by org.testng.reporters.JUnitReportReporter -->
<testsuite hostname="Debalina" name="testClass.SelectFifthPropertyTest" tests="1" failures="0" timestamp="28 Jul 2019 19:32:12 GMT" time="17.749" errors="0">
  <testcase name="loginWithoutPasswordTest" time="17.749" classname="testClass.SelectFifthPropertyTest"/>
</testsuite> <!-- testClass.SelectFifthPropertyTest -->
