<?xml version="1.0" encoding="UTF-8"?>
<!-- Generated by org.testng.reporters.JUnitReportReporter -->
<testsuite hostname="Debalina" name="ObjectRepo.POMTest" tests="1" failures="0" timestamp="13 Jun 2019 21:29:34 GMT" time="10.101" errors="0">
  <testcase name="loginWithoutPasswordTest" time="10.101" classname="ObjectRepo.POMTest"/>
</testsuite> <!-- ObjectRepo.POMTest -->
