<?xml version="1.0" encoding="UTF-8"?>
<!-- Generated by org.testng.reporters.JUnitReportReporter -->
<testsuite hostname="Debalina" name="testClass.AgentVerifyTest" tests="1" failures="0" timestamp="28 Jul 2019 19:32:12 GMT" time="24.208" errors="0">
  <testcase name="verifyAgent" time="24.208" classname="testClass.AgentVerifyTest"/>
</testsuite> <!-- testClass.AgentVerifyTest -->
