<?xml version="1.0" encoding="UTF-8"?>
<!-- Generated by org.testng.reporters.JUnitReportReporter -->
<testsuite hostname="Debalina" name="testClass.PriceDescTest" tests="1" failures="0" timestamp="26 Jun 2019 11:46:04 GMT" time="30.680" errors="0">
  <testcase name="loginWithoutPasswordTest" time="30.680" classname="testClass.PriceDescTest"/>
</testsuite> <!-- testClass.PriceDescTest -->
