<?xml version="1.0" encoding="UTF-8"?>
<!-- Generated by org.testng.reporters.JUnitReportReporter -->
<testsuite hostname="Debalina" name="testClass.POMTest" tests="1" failures="0" timestamp="25 Jun 2019 13:05:08 GMT" time="23.006" errors="0">
  <testcase name="loginWithoutPasswordTest" time="23.006" classname="testClass.POMTest"/>
</testsuite> <!-- testClass.POMTest -->
