<?xml version="1.0" encoding="UTF-8"?>
<!-- Generated by org.testng.reporters.JUnitReportReporter -->
<testsuite hostname="Debalina" name="testClass.PriceDescTest" tests="1" failures="0" timestamp="28 Jul 2019 19:32:12 GMT" time="17.551" errors="0">
  <testcase name="loginWithoutPasswordTest" time="17.551" classname="testClass.PriceDescTest"/>
</testsuite> <!-- testClass.PriceDescTest -->
